<?xml version="1.0" encoding="UTF-8"?>
<testng-results ignored="0" total="7" passed="5" failed="2" skipped="0">
  <reporter-output>
  </reporter-output>
  <suite started-at="2024-05-02T18:31:05 IST" name="Suite" finished-at="2024-05-02T18:33:18 IST" duration-ms="132856">
    <groups>
    </groups>
    <test started-at="2024-05-02T18:31:05 IST" name="Test" finished-at="2024-05-02T18:33:18 IST" duration-ms="132856">
      <class name="TestCasesSpiceJet.TC_05_StatusTest">
        <test-method is-config="true" signature="setup()[pri:0, instance:TestCasesSpiceJet.TC_05_StatusTest@77f1baf5]" started-at="2024-05-02T18:31:05 IST" name="setup" finished-at="2024-05-02T18:31:05 IST" duration-ms="0" status="PASS">
          <reporter-output>
          </reporter-output>
        </test-method> <!-- setup -->
        <test-method is-config="true" signature="testDetails()[pri:0, instance:TestCasesSpiceJet.TC_05_StatusTest@77f1baf5]" started-at="2024-05-02T18:33:01 IST" name="testDetails" finished-at="2024-05-02T18:33:01 IST" duration-ms="2" status="PASS">
          <reporter-output>
          </reporter-output>
        </test-method> <!-- testDetails -->
        <test-method is-config="true" signature="start()[pri:0, instance:TestCasesSpiceJet.TC_05_StatusTest@77f1baf5]" started-at="2024-05-02T18:33:01 IST" name="start" finished-at="2024-05-02T18:33:07 IST" duration-ms="5377" status="PASS">
          <reporter-output>
          </reporter-output>
        </test-method> <!-- start -->
        <test-method signature="TC_05_StatusTest()[pri:5, instance:TestCasesSpiceJet.TC_05_StatusTest@77f1baf5]" started-at="2024-05-02T18:33:07 IST" name="TC_05_StatusTest" finished-at="2024-05-02T18:33:18 IST" duration-ms="11372" status="PASS">
          <reporter-output>
          </reporter-output>
        </test-method> <!-- TC_05_StatusTest -->
        <test-method is-config="true" signature="close()[pri:0, instance:TestCasesSpiceJet.TC_05_StatusTest@77f1baf5]" started-at="2024-05-02T18:33:18 IST" name="close" finished-at="2024-05-02T18:33:18 IST" duration-ms="98" status="PASS">
          <reporter-output>
          </reporter-output>
        </test-method> <!-- close -->
      </class> <!-- TestCasesSpiceJet.TC_05_StatusTest -->
      <class name="TestCasesSpiceJet.TC_04_BookingPageTest">
        <test-method is-config="true" signature="setup()[pri:0, instance:TestCasesSpiceJet.TC_04_BookingPageTest@7d20d0b]" started-at="2024-05-02T18:31:05 IST" name="setup" finished-at="2024-05-02T18:31:05 IST" duration-ms="0" status="PASS">
          <reporter-output>
          </reporter-output>
        </test-method> <!-- setup -->
        <test-method is-config="true" signature="testDetails()[pri:0, instance:TestCasesSpiceJet.TC_04_BookingPageTest@7d20d0b]" started-at="2024-05-02T18:32:42 IST" name="testDetails" finished-at="2024-05-02T18:32:42 IST" duration-ms="0" status="PASS">
          <reporter-output>
          </reporter-output>
        </test-method> <!-- testDetails -->
        <test-method is-config="true" signature="start()[pri:0, instance:TestCasesSpiceJet.TC_04_BookingPageTest@7d20d0b]" started-at="2024-05-02T18:32:42 IST" name="start" finished-at="2024-05-02T18:32:47 IST" duration-ms="5273" status="PASS">
          <reporter-output>
          </reporter-output>
        </test-method> <!-- start -->
        <test-method signature="TC_04_BookingPageTest()[pri:4, instance:TestCasesSpiceJet.TC_04_BookingPageTest@7d20d0b]" started-at="2024-05-02T18:32:47 IST" name="TC_04_BookingPageTest" finished-at="2024-05-02T18:33:01 IST" duration-ms="14111" status="PASS">
          <reporter-output>
          </reporter-output>
        </test-method> <!-- TC_04_BookingPageTest -->
        <test-method is-config="true" signature="close()[pri:0, instance:TestCasesSpiceJet.TC_04_BookingPageTest@7d20d0b]" started-at="2024-05-02T18:33:01 IST" name="close" finished-at="2024-05-02T18:33:01 IST" duration-ms="180" status="PASS">
          <reporter-output>
          </reporter-output>
        </test-method> <!-- close -->
      </class> <!-- TestCasesSpiceJet.TC_04_BookingPageTest -->
      <class name="TestCasesSpiceJet.TC_02_OneWayTripTest">
        <test-method is-config="true" signature="setup()[pri:0, instance:TestCasesSpiceJet.TC_02_OneWayTripTest@5e5d171f]" started-at="2024-05-02T18:31:05 IST" name="setup" finished-at="2024-05-02T18:31:05 IST" duration-ms="1" status="PASS">
          <reporter-output>
          </reporter-output>
        </test-method> <!-- setup -->
        <test-method is-config="true" signature="testDetails()[pri:0, instance:TestCasesSpiceJet.TC_02_OneWayTripTest@5e5d171f]" started-at="2024-05-02T18:32:19 IST" name="testDetails" finished-at="2024-05-02T18:32:19 IST" duration-ms="2" status="PASS">
          <reporter-output>
          </reporter-output>
        </test-method> <!-- testDetails -->
        <test-method is-config="true" signature="start()[pri:0, instance:TestCasesSpiceJet.TC_02_OneWayTripTest@5e5d171f]" started-at="2024-05-02T18:32:19 IST" name="start" finished-at="2024-05-02T18:32:24 IST" duration-ms="5030" status="PASS">
          <reporter-output>
          </reporter-output>
        </test-method> <!-- start -->
        <test-method signature="TC_02_OneWayTripTest()[pri:2, instance:TestCasesSpiceJet.TC_02_OneWayTripTest@5e5d171f]" started-at="2024-05-02T18:32:24 IST" name="TC_02_OneWayTripTest" finished-at="2024-05-02T18:32:30 IST" duration-ms="5603" status="PASS">
          <reporter-output>
          </reporter-output>
        </test-method> <!-- TC_02_OneWayTripTest -->
        <test-method is-config="true" signature="close()[pri:0, instance:TestCasesSpiceJet.TC_02_OneWayTripTest@5e5d171f]" started-at="2024-05-02T18:32:30 IST" name="close" finished-at="2024-05-02T18:32:30 IST" duration-ms="176" status="PASS">
          <reporter-output>
          </reporter-output>
        </test-method> <!-- close -->
      </class> <!-- TestCasesSpiceJet.TC_02_OneWayTripTest -->
      <class name="TestCasesSpiceJet.TC_01_LoginTest">
        <test-method is-config="true" signature="StartReport()[pri:0, instance:TestCasesSpiceJet.TC_01_LoginTest@2362f559]" started-at="2024-05-02T18:31:05 IST" name="StartReport" finished-at="2024-05-02T18:31:05 IST" duration-ms="157" status="PASS">
          <reporter-output>
          </reporter-output>
        </test-method> <!-- StartReport -->
        <test-method is-config="true" signature="setup()[pri:0, instance:TestCasesSpiceJet.TC_01_LoginTest@2362f559]" started-at="2024-05-02T18:31:05 IST" name="setup" finished-at="2024-05-02T18:31:05 IST" duration-ms="0" status="PASS">
          <reporter-output>
          </reporter-output>
        </test-method> <!-- setup -->
        <test-method is-config="true" signature="testDetails()[pri:0, instance:TestCasesSpiceJet.TC_01_LoginTest@2362f559]" started-at="2024-05-02T18:31:05 IST" name="testDetails" finished-at="2024-05-02T18:31:05 IST" duration-ms="6" status="PASS">
          <reporter-output>
          </reporter-output>
        </test-method> <!-- testDetails -->
        <test-method is-config="true" signature="start()[pri:0, instance:TestCasesSpiceJet.TC_01_LoginTest@2362f559]" started-at="2024-05-02T18:31:06 IST" name="start" finished-at="2024-05-02T18:31:11 IST" duration-ms="5028" status="PASS">
          <reporter-output>
          </reporter-output>
        </test-method> <!-- start -->
        <test-method signature="TC_01_LoginTest(java.lang.String,java.lang.String)[pri:1, instance:TestCasesSpiceJet.TC_01_LoginTest@2362f559]" started-at="2024-05-02T18:31:11 IST" name="TC_01_LoginTest" data-provider="getFromExcel" finished-at="2024-05-02T18:31:16 IST" duration-ms="4927" status="PASS">
          <params>
            <param index="0">
              <value>
                <![CDATA[6382724043]]>
              </value>
            </param>
            <param index="1">
              <value>
                <![CDATA[Testuser03@]]>
              </value>
            </param>
          </params>
          <reporter-output>
          </reporter-output>
        </test-method> <!-- TC_01_LoginTest -->
        <test-method is-config="true" signature="close()[pri:0, instance:TestCasesSpiceJet.TC_01_LoginTest@2362f559]" started-at="2024-05-02T18:31:16 IST" name="close" finished-at="2024-05-02T18:31:16 IST" duration-ms="147" status="PASS">
          <reporter-output>
          </reporter-output>
        </test-method> <!-- close -->
        <test-method is-config="true" signature="start()[pri:0, instance:TestCasesSpiceJet.TC_01_LoginTest@2362f559]" started-at="2024-05-02T18:31:16 IST" name="start" finished-at="2024-05-02T18:31:22 IST" duration-ms="5643" status="PASS">
          <reporter-output>
          </reporter-output>
        </test-method> <!-- start -->
        <test-method signature="TC_01_LoginTest(java.lang.String,java.lang.String)[pri:1, instance:TestCasesSpiceJet.TC_01_LoginTest@2362f559]" started-at="2024-05-02T18:31:22 IST" name="TC_01_LoginTest" data-provider="getFromExcel" finished-at="2024-05-02T18:31:48 IST" duration-ms="26035" status="FAIL">
          <params>
            <param index="0">
              <value>
                <![CDATA[6382824043]]>
              </value>
            </param>
            <param index="1">
              <value>
                <![CDATA[TestUser@124]]>
              </value>
            </param>
          </params>
          <exception class="org.openqa.selenium.NoSuchElementException">
            <message>
              <![CDATA[no such element: Unable to locate element: {"method":"xpath","selector":"//div[text()='Hi Test']"}
  (Session info: chrome=124.0.6367.92)
For documentation on this error, please visit: https://www.selenium.dev/documentation/webdriver/troubleshooting/errors#no-such-element-exception
Build info: version: '4.17.0', revision: 'e52b1be057*'
System info: os.name: 'Windows 11', os.arch: 'amd64', os.version: '10.0', java.version: '21.0.2'
Driver info: org.openqa.selenium.chrome.ChromeDriver
Command: [a59e0b29e11a35b62c96679db7d06495, findElement {value=//div[text()='Hi Test'], using=xpath}]
Capabilities {acceptInsecureCerts: false, browserName: chrome, browserVersion: 124.0.6367.92, chrome: {chromedriverVersion: 124.0.6367.91 (51df0e5e17a8..., userDataDir: C:\Users\kavin\AppData\Loca...}, fedcm:accounts: true, goog:chromeOptions: {debuggerAddress: localhost:50423}, networkConnectionEnabled: false, pageLoadStrategy: normal, platformName: windows, proxy: Proxy(), se:cdp: ws://localhost:50423/devtoo..., se:cdpVersion: 124.0.6367.92, setWindowRect: true, strictFileInteractability: false, timeouts: {implicit: 0, pageLoad: 300000, script: 30000}, unhandledPromptBehavior: dismiss and notify, webauthn:extension:credBlob: true, webauthn:extension:largeBlob: true, webauthn:extension:minPinLength: true, webauthn:extension:prf: true, webauthn:virtualAuthenticators: true}
Session ID: a59e0b29e11a35b62c96679db7d06495]]>
            </message>
            <full-stacktrace>
              <![CDATA[org.openqa.selenium.NoSuchElementException: no such element: Unable to locate element: {"method":"xpath","selector":"//div[text()='Hi Test']"}
  (Session info: chrome=124.0.6367.92)
For documentation on this error, please visit: https://www.selenium.dev/documentation/webdriver/troubleshooting/errors#no-such-element-exception
Build info: version: '4.17.0', revision: 'e52b1be057*'
System info: os.name: 'Windows 11', os.arch: 'amd64', os.version: '10.0', java.version: '21.0.2'
Driver info: org.openqa.selenium.chrome.ChromeDriver
Command: [a59e0b29e11a35b62c96679db7d06495, findElement {value=//div[text()='Hi Test'], using=xpath}]
Capabilities {acceptInsecureCerts: false, browserName: chrome, browserVersion: 124.0.6367.92, chrome: {chromedriverVersion: 124.0.6367.91 (51df0e5e17a8..., userDataDir: C:\Users\kavin\AppData\Loca...}, fedcm:accounts: true, goog:chromeOptions: {debuggerAddress: localhost:50423}, networkConnectionEnabled: false, pageLoadStrategy: normal, platformName: windows, proxy: Proxy(), se:cdp: ws://localhost:50423/devtoo..., se:cdpVersion: 124.0.6367.92, setWindowRect: true, strictFileInteractability: false, timeouts: {implicit: 0, pageLoad: 300000, script: 30000}, unhandledPromptBehavior: dismiss and notify, webauthn:extension:credBlob: true, webauthn:extension:largeBlob: true, webauthn:extension:minPinLength: true, webauthn:extension:prf: true, webauthn:virtualAuthenticators: true}
Session ID: a59e0b29e11a35b62c96679db7d06495
at java.base/jdk.internal.reflect.DirectConstructorHandleAccessor.newInstance(DirectConstructorHandleAccessor.java:62)
at java.base/java.lang.reflect.Constructor.newInstanceWithCaller(Constructor.java:502)
at java.base/java.lang.reflect.Constructor.newInstance(Constructor.java:486)
at org.openqa.selenium.remote.codec.w3c.W3CHttpResponseCodec.createException(W3CHttpResponseCodec.java:185)
at org.openqa.selenium.remote.codec.w3c.W3CHttpResponseCodec.decode(W3CHttpResponseCodec.java:134)
at org.openqa.selenium.remote.codec.w3c.W3CHttpResponseCodec.decode(W3CHttpResponseCodec.java:51)
at org.openqa.selenium.remote.HttpCommandExecutor.execute(HttpCommandExecutor.java:190)
at org.openqa.selenium.remote.service.DriverCommandExecutor.invokeExecute(DriverCommandExecutor.java:216)
at org.openqa.selenium.remote.service.DriverCommandExecutor.execute(DriverCommandExecutor.java:174)
at org.openqa.selenium.remote.RemoteWebDriver.execute(RemoteWebDriver.java:519)
at org.openqa.selenium.remote.ElementLocation$ElementFinder$2.findElement(ElementLocation.java:165)
at org.openqa.selenium.remote.ElementLocation.findElement(ElementLocation.java:59)
at org.openqa.selenium.remote.RemoteWebDriver.findElement(RemoteWebDriver.java:356)
at org.openqa.selenium.remote.RemoteWebDriver.findElement(RemoteWebDriver.java:350)
at org.openqa.selenium.support.pagefactory.DefaultElementLocator.findElement(DefaultElementLocator.java:68)
at org.openqa.selenium.support.pagefactory.internal.LocatingElementHandler.invoke(LocatingElementHandler.java:38)
at jdk.proxy2/jdk.proxy2.$Proxy19.getText(Unknown Source)
at UtilesSpiceJet.UtilesSJ.Clickboo(UtilesSJ.java:98)
at SpiceJet_Project.Guvi_Project_02.LoginAClass.LoginAClass(LoginAClass.java:42)
at TestCasesSpiceJet.TC_01_LoginTest.TC_01_LoginTest(TC_01_LoginTest.java:24)
at java.base/jdk.internal.reflect.DirectMethodHandleAccessor.invoke(DirectMethodHandleAccessor.java:103)
at java.base/java.lang.reflect.Method.invoke(Method.java:580)
at org.testng.internal.invokers.MethodInvocationHelper.invokeMethod(MethodInvocationHelper.java:139)
at org.testng.internal.invokers.TestInvoker.invokeMethod(TestInvoker.java:664)
at org.testng.internal.invokers.TestInvoker.invokeTestMethod(TestInvoker.java:228)
at org.testng.internal.invokers.MethodRunner.runInSequence(MethodRunner.java:63)
at org.testng.internal.invokers.TestInvoker$MethodInvocationAgent.invoke(TestInvoker.java:961)
at org.testng.internal.invokers.TestInvoker.invokeTestMethods(TestInvoker.java:201)
at org.testng.internal.invokers.TestMethodWorker.invokeTestMethods(TestMethodWorker.java:148)
at org.testng.internal.invokers.TestMethodWorker.run(TestMethodWorker.java:128)
at java.base/java.util.ArrayList.forEach(ArrayList.java:1596)
at org.testng.TestRunner.privateRun(TestRunner.java:819)
at org.testng.TestRunner.run(TestRunner.java:619)
at org.testng.SuiteRunner.runTest(SuiteRunner.java:443)
at org.testng.SuiteRunner.runSequentially(SuiteRunner.java:437)
at org.testng.SuiteRunner.privateRun(SuiteRunner.java:397)
at org.testng.SuiteRunner.run(SuiteRunner.java:336)
at org.testng.SuiteRunnerWorker.runSuite(SuiteRunnerWorker.java:52)
at org.testng.SuiteRunnerWorker.run(SuiteRunnerWorker.java:95)
at org.testng.TestNG.runSuitesSequentially(TestNG.java:1301)
at org.testng.TestNG.runSuitesLocally(TestNG.java:1228)
at org.testng.TestNG.runSuites(TestNG.java:1134)
at org.testng.TestNG.run(TestNG.java:1101)
at org.testng.remote.AbstractRemoteTestNG.run(AbstractRemoteTestNG.java:115)
at org.testng.remote.RemoteTestNG.initAndRun(RemoteTestNG.java:293)
at org.testng.remote.RemoteTestNG.main(RemoteTestNG.java:91)
]]>
            </full-stacktrace>
          </exception> <!-- org.openqa.selenium.NoSuchElementException -->
          <reporter-output>
          </reporter-output>
        </test-method> <!-- TC_01_LoginTest -->
        <test-method is-config="true" signature="close()[pri:0, instance:TestCasesSpiceJet.TC_01_LoginTest@2362f559]" started-at="2024-05-02T18:31:48 IST" name="close" finished-at="2024-05-02T18:31:48 IST" duration-ms="166" status="PASS">
          <reporter-output>
          </reporter-output>
        </test-method> <!-- close -->
        <test-method is-config="true" signature="start()[pri:0, instance:TestCasesSpiceJet.TC_01_LoginTest@2362f559]" started-at="2024-05-02T18:31:48 IST" name="start" finished-at="2024-05-02T18:31:53 IST" duration-ms="4769" status="PASS">
          <reporter-output>
          </reporter-output>
        </test-method> <!-- start -->
        <test-method signature="TC_01_LoginTest(java.lang.String,java.lang.String)[pri:1, instance:TestCasesSpiceJet.TC_01_LoginTest@2362f559]" started-at="2024-05-02T18:31:53 IST" name="TC_01_LoginTest" data-provider="getFromExcel" finished-at="2024-05-02T18:32:19 IST" duration-ms="26186" status="FAIL">
          <params>
            <param index="0">
              <value>
                <![CDATA[6382724243]]>
              </value>
            </param>
            <param index="1">
              <value>
                <![CDATA[TestUser@125]]>
              </value>
            </param>
          </params>
          <exception class="org.openqa.selenium.NoSuchElementException">
            <message>
              <![CDATA[no such element: Unable to locate element: {"method":"xpath","selector":"//div[text()='Hi Test']"}
  (Session info: chrome=124.0.6367.92)
For documentation on this error, please visit: https://www.selenium.dev/documentation/webdriver/troubleshooting/errors#no-such-element-exception
Build info: version: '4.17.0', revision: 'e52b1be057*'
System info: os.name: 'Windows 11', os.arch: 'amd64', os.version: '10.0', java.version: '21.0.2'
Driver info: org.openqa.selenium.chrome.ChromeDriver
Command: [5b3e4375fe1c57accd642aebc8aaed14, findElement {value=//div[text()='Hi Test'], using=xpath}]
Capabilities {acceptInsecureCerts: false, browserName: chrome, browserVersion: 124.0.6367.92, chrome: {chromedriverVersion: 124.0.6367.91 (51df0e5e17a8..., userDataDir: C:\Users\kavin\AppData\Loca...}, fedcm:accounts: true, goog:chromeOptions: {debuggerAddress: localhost:50503}, networkConnectionEnabled: false, pageLoadStrategy: normal, platformName: windows, proxy: Proxy(), se:cdp: ws://localhost:50503/devtoo..., se:cdpVersion: 124.0.6367.92, setWindowRect: true, strictFileInteractability: false, timeouts: {implicit: 0, pageLoad: 300000, script: 30000}, unhandledPromptBehavior: dismiss and notify, webauthn:extension:credBlob: true, webauthn:extension:largeBlob: true, webauthn:extension:minPinLength: true, webauthn:extension:prf: true, webauthn:virtualAuthenticators: true}
Session ID: 5b3e4375fe1c57accd642aebc8aaed14]]>
            </message>
            <full-stacktrace>
              <![CDATA[org.openqa.selenium.NoSuchElementException: no such element: Unable to locate element: {"method":"xpath","selector":"//div[text()='Hi Test']"}
  (Session info: chrome=124.0.6367.92)
For documentation on this error, please visit: https://www.selenium.dev/documentation/webdriver/troubleshooting/errors#no-such-element-exception
Build info: version: '4.17.0', revision: 'e52b1be057*'
System info: os.name: 'Windows 11', os.arch: 'amd64', os.version: '10.0', java.version: '21.0.2'
Driver info: org.openqa.selenium.chrome.ChromeDriver
Command: [5b3e4375fe1c57accd642aebc8aaed14, findElement {value=//div[text()='Hi Test'], using=xpath}]
Capabilities {acceptInsecureCerts: false, browserName: chrome, browserVersion: 124.0.6367.92, chrome: {chromedriverVersion: 124.0.6367.91 (51df0e5e17a8..., userDataDir: C:\Users\kavin\AppData\Loca...}, fedcm:accounts: true, goog:chromeOptions: {debuggerAddress: localhost:50503}, networkConnectionEnabled: false, pageLoadStrategy: normal, platformName: windows, proxy: Proxy(), se:cdp: ws://localhost:50503/devtoo..., se:cdpVersion: 124.0.6367.92, setWindowRect: true, strictFileInteractability: false, timeouts: {implicit: 0, pageLoad: 300000, script: 30000}, unhandledPromptBehavior: dismiss and notify, webauthn:extension:credBlob: true, webauthn:extension:largeBlob: true, webauthn:extension:minPinLength: true, webauthn:extension:prf: true, webauthn:virtualAuthenticators: true}
Session ID: 5b3e4375fe1c57accd642aebc8aaed14
at java.base/jdk.internal.reflect.DirectConstructorHandleAccessor.newInstance(DirectConstructorHandleAccessor.java:62)
at java.base/java.lang.reflect.Constructor.newInstanceWithCaller(Constructor.java:502)
at java.base/java.lang.reflect.Constructor.newInstance(Constructor.java:486)
at org.openqa.selenium.remote.codec.w3c.W3CHttpResponseCodec.createException(W3CHttpResponseCodec.java:185)
at org.openqa.selenium.remote.codec.w3c.W3CHttpResponseCodec.decode(W3CHttpResponseCodec.java:134)
at org.openqa.selenium.remote.codec.w3c.W3CHttpResponseCodec.decode(W3CHttpResponseCodec.java:51)
at org.openqa.selenium.remote.HttpCommandExecutor.execute(HttpCommandExecutor.java:190)
at org.openqa.selenium.remote.service.DriverCommandExecutor.invokeExecute(DriverCommandExecutor.java:216)
at org.openqa.selenium.remote.service.DriverCommandExecutor.execute(DriverCommandExecutor.java:174)
at org.openqa.selenium.remote.RemoteWebDriver.execute(RemoteWebDriver.java:519)
at org.openqa.selenium.remote.ElementLocation$ElementFinder$2.findElement(ElementLocation.java:165)
at org.openqa.selenium.remote.ElementLocation.findElement(ElementLocation.java:59)
at org.openqa.selenium.remote.RemoteWebDriver.findElement(RemoteWebDriver.java:356)
at org.openqa.selenium.remote.RemoteWebDriver.findElement(RemoteWebDriver.java:350)
at org.openqa.selenium.support.pagefactory.DefaultElementLocator.findElement(DefaultElementLocator.java:68)
at org.openqa.selenium.support.pagefactory.internal.LocatingElementHandler.invoke(LocatingElementHandler.java:38)
at jdk.proxy2/jdk.proxy2.$Proxy19.getText(Unknown Source)
at UtilesSpiceJet.UtilesSJ.Clickboo(UtilesSJ.java:98)
at SpiceJet_Project.Guvi_Project_02.LoginAClass.LoginAClass(LoginAClass.java:42)
at TestCasesSpiceJet.TC_01_LoginTest.TC_01_LoginTest(TC_01_LoginTest.java:24)
at java.base/jdk.internal.reflect.DirectMethodHandleAccessor.invoke(DirectMethodHandleAccessor.java:103)
at java.base/java.lang.reflect.Method.invoke(Method.java:580)
at org.testng.internal.invokers.MethodInvocationHelper.invokeMethod(MethodInvocationHelper.java:139)
at org.testng.internal.invokers.TestInvoker.invokeMethod(TestInvoker.java:664)
at org.testng.internal.invokers.TestInvoker.invokeTestMethod(TestInvoker.java:228)
at org.testng.internal.invokers.MethodRunner.runInSequence(MethodRunner.java:63)
at org.testng.internal.invokers.TestInvoker$MethodInvocationAgent.invoke(TestInvoker.java:961)
at org.testng.internal.invokers.TestInvoker.invokeTestMethods(TestInvoker.java:201)
at org.testng.internal.invokers.TestMethodWorker.invokeTestMethods(TestMethodWorker.java:148)
at org.testng.internal.invokers.TestMethodWorker.run(TestMethodWorker.java:128)
at java.base/java.util.ArrayList.forEach(ArrayList.java:1596)
at org.testng.TestRunner.privateRun(TestRunner.java:819)
at org.testng.TestRunner.run(TestRunner.java:619)
at org.testng.SuiteRunner.runTest(SuiteRunner.java:443)
at org.testng.SuiteRunner.runSequentially(SuiteRunner.java:437)
at org.testng.SuiteRunner.privateRun(SuiteRunner.java:397)
at org.testng.SuiteRunner.run(SuiteRunner.java:336)
at org.testng.SuiteRunnerWorker.runSuite(SuiteRunnerWorker.java:52)
at org.testng.SuiteRunnerWorker.run(SuiteRunnerWorker.java:95)
at org.testng.TestNG.runSuitesSequentially(TestNG.java:1301)
at org.testng.TestNG.runSuitesLocally(TestNG.java:1228)
at org.testng.TestNG.runSuites(TestNG.java:1134)
at org.testng.TestNG.run(TestNG.java:1101)
at org.testng.remote.AbstractRemoteTestNG.run(AbstractRemoteTestNG.java:115)
at org.testng.remote.RemoteTestNG.initAndRun(RemoteTestNG.java:293)
at org.testng.remote.RemoteTestNG.main(RemoteTestNG.java:91)
]]>
            </full-stacktrace>
          </exception> <!-- org.openqa.selenium.NoSuchElementException -->
          <reporter-output>
          </reporter-output>
        </test-method> <!-- TC_01_LoginTest -->
        <test-method is-config="true" signature="close()[pri:0, instance:TestCasesSpiceJet.TC_01_LoginTest@2362f559]" started-at="2024-05-02T18:32:19 IST" name="close" finished-at="2024-05-02T18:32:19 IST" duration-ms="143" status="PASS">
          <reporter-output>
          </reporter-output>
        </test-method> <!-- close -->
        <test-method is-config="true" signature="endReport()[pri:0, instance:TestCasesSpiceJet.TC_01_LoginTest@2362f559]" started-at="2024-05-02T18:33:18 IST" name="endReport" finished-at="2024-05-02T18:33:19 IST" duration-ms="283" status="PASS">
          <reporter-output>
          </reporter-output>
        </test-method> <!-- endReport -->
      </class> <!-- TestCasesSpiceJet.TC_01_LoginTest -->
      <class name="TestCasesSpiceJet.TC_03RoundWayTripTest">
        <test-method is-config="true" signature="setup()[pri:0, instance:TestCasesSpiceJet.TC_03RoundWayTripTest@24313fcc]" started-at="2024-05-02T18:31:05 IST" name="setup" finished-at="2024-05-02T18:31:05 IST" duration-ms="0" status="PASS">
          <reporter-output>
          </reporter-output>
        </test-method> <!-- setup -->
        <test-method is-config="true" signature="testDetails()[pri:0, instance:TestCasesSpiceJet.TC_03RoundWayTripTest@24313fcc]" started-at="2024-05-02T18:32:30 IST" name="testDetails" finished-at="2024-05-02T18:32:30 IST" duration-ms="2" status="PASS">
          <reporter-output>
          </reporter-output>
        </test-method> <!-- testDetails -->
        <test-method is-config="true" signature="start()[pri:0, instance:TestCasesSpiceJet.TC_03RoundWayTripTest@24313fcc]" started-at="2024-05-02T18:32:30 IST" name="start" finished-at="2024-05-02T18:32:35 IST" duration-ms="4789" status="PASS">
          <reporter-output>
          </reporter-output>
        </test-method> <!-- start -->
        <test-method signature="TC_03RoundWayTripTest()[pri:3, instance:TestCasesSpiceJet.TC_03RoundWayTripTest@24313fcc]" started-at="2024-05-02T18:32:35 IST" name="TC_03RoundWayTripTest" finished-at="2024-05-02T18:32:42 IST" duration-ms="7004" status="PASS">
          <reporter-output>
          </reporter-output>
        </test-method> <!-- TC_03RoundWayTripTest -->
        <test-method is-config="true" signature="close()[pri:0, instance:TestCasesSpiceJet.TC_03RoundWayTripTest@24313fcc]" started-at="2024-05-02T18:32:42 IST" name="close" finished-at="2024-05-02T18:32:42 IST" duration-ms="141" status="PASS">
          <reporter-output>
          </reporter-output>
        </test-method> <!-- close -->
      </class> <!-- TestCasesSpiceJet.TC_03RoundWayTripTest -->
    </test> <!-- Test -->
  </suite> <!-- Suite -->
</testng-results>
